[2025-09-28 09:21:54] Watching C:\Users\abram\OneDrive\DOCUMENTS\GitHub\sm2arta-help for changes (hidden).
[2025-09-28 09:31:39] Watching C:\Users\abram\OneDrive\DOCUMENTS\GitHub\sm2arta-help for changes (hidden).
[2025-09-28 09:31:54] Watching C:\Users\abram\OneDrive\DOCUMENTS\GitHub\sm2arta-help for changes (hidden).
[2025-09-28 09:37:25] Watching C:\Users\abram\OneDrive\DOCUMENTS\GitHub\sm2arta-help for changes (hidden).
[2025-09-28 09:39:13] Watching C:\Users\abram\OneDrive\DOCUMENTS\GitHub\sm2arta-help for changes (hidden).
[2025-09-28 10:31:54] Changed: C:\Users\abram\OneDrive\DOCUMENTS\GitHub\sm2arta-help\watch-publish.log
[2025-09-28 10:31:54] Changed: C:\Users\abram\OneDrive\DOCUMENTS\GitHub\sm2arta-help\css\effects.min.css
[2025-09-28 10:31:54] Changed: C:\Users\abram\OneDrive\DOCUMENTS\GitHub\sm2arta-help\css\effects.min.css
[2025-09-28 10:31:54] Changed: C:\Users\abram\OneDrive\DOCUMENTS\GitHub\sm2arta-help\css\effects.min.css
[2025-09-28 10:37:26] Changed: C:\Users\abram\OneDrive\DOCUMENTS\GitHub\sm2arta-help\watch-publish.log
[2025-09-28 10:37:26] Changed: C:\Users\abram\OneDrive\DOCUMENTS\GitHub\sm2arta-help\watch-publish.log
[2025-09-28 11:31:54] Changed: C:\Users\abram\OneDrive\DOCUMENTS\GitHub\sm2arta-help\css\layout.min.css
[2025-09-28 11:31:54] Changed: C:\Users\abram\OneDrive\DOCUMENTS\GitHub\sm2arta-help\css\layout.min.css
[2025-09-28 11:31:54] Changed: C:\Users\abram\OneDrive\DOCUMENTS\GitHub\sm2arta-help\css\layout.min.css
[2025-09-28 11:31:54] Changed: C:\Users\abram\OneDrive\DOCUMENTS\GitHub\sm2arta-help\css\print.min.css
[2025-09-28 11:37:26] Changed: C:\Users\abram\OneDrive\DOCUMENTS\GitHub\sm2arta-help\.git
[2025-09-28 11:37:26] Changed: C:\Users\abram\OneDrive\DOCUMENTS\GitHub\sm2arta-help\.git
[2025-09-28 12:31:54] Changed: C:\Users\abram\OneDrive\DOCUMENTS\GitHub\sm2arta-help\css\print.min.css
[2025-09-28 12:31:54] Changed: C:\Users\abram\OneDrive\DOCUMENTS\GitHub\sm2arta-help\css\print.min.css
[2025-09-28 12:31:54] Changed: C:\Users\abram\OneDrive\DOCUMENTS\GitHub\sm2arta-help\css\theme-dark-blue.min.css
[2025-09-28 12:31:54] Changed: C:\Users\abram\OneDrive\DOCUMENTS\GitHub\sm2arta-help\css\theme-dark-blue.min.css
[2025-09-28 12:37:26] Changed: C:\Users\abram\OneDrive\DOCUMENTS\GitHub\sm2arta-help\.git
[2025-09-28 13:08:59] Watching C:\Users\abram\OneDrive\DOCUMENTS\GitHub\sm2arta-help for changes (hidden).
[2025-10-08 07:50:23] Watching C:\Users\abram\OneDrive\DOCUMENTS\GitHub\sm2arta-help for changes (hidden).
[2025-10-12 09:44:51] Watching C:\Users\abram\OneDrive\DOCUMENTS\GitHub\sm2arta-help for changes (hidden).
[2025-10-12 11:44:52] Change detected. Publishing…
[2025-10-12 11:44:52] Publish complete.
[2025-10-12 12:44:52] Change detected. Publishing…
[2025-10-12 12:44:53] Publish complete.
[2025-10-19 16:30:31] Watching C:\Users\abram\OneDrive\DOCUMENTS\GitHub\sm2arta-help for changes (hidden).
[2025-10-19 18:30:31] Change detected. Publishing…
[2025-10-19 18:30:32] Publish complete.
[2025-10-19 22:45:57] Change detected. Publishing…
[2025-10-19 22:45:57] Publish complete.
[2025-10-23 21:19:41] Watching C:\Users\abram\OneDrive\DOCUMENTS\GitHub\sm2arta-help for changes (hidden).
[2025-10-24 09:18:38] Watching C:\Users\abram\OneDrive\DOCUMENTS\GitHub\sm2arta-help for changes (hidden).
[2025-10-24 19:25:05] Change detected. Publishing…
[2025-10-24 19:25:07] Publish complete.
[2025-10-25 07:23:47] Change detected. Publishing…
[2025-10-25 07:23:48] Publish complete.
[2025-10-25 08:23:48] Change detected. Publishing…
[2025-10-25 08:23:48] Publish complete.
[2025-10-25 09:23:48] Change detected. Publishing…
[2025-10-25 09:23:48] Publish complete.
[2025-10-25 10:23:48] Change detected. Publishing…
[2025-10-25 10:23:49] Publish complete.
[2025-10-25 11:23:49] Change detected. Publishing…
[2025-10-25 11:23:49] Publish complete.
[2025-10-25 12:23:49] Change detected. Publishing…
[2025-10-25 12:23:49] Publish complete.
[2025-10-25 13:29:13] Change detected. Publishing…
[2025-10-25 13:29:13] Publish complete.
[2025-10-25 14:29:13] Change detected. Publishing…
[2025-10-25 14:29:13] Publish complete.
[2025-10-25 15:29:13] Change detected. Publishing…
[2025-10-25 15:29:13] Publish complete.
[2025-10-25 16:29:13] Change detected. Publishing…
[2025-10-25 16:29:14] Publish complete.
[2025-10-25 17:29:14] Change detected. Publishing…
[2025-10-25 17:29:14] Publish complete.
[2025-10-25 18:33:45] Change detected. Publishing…
[2025-10-25 18:33:45] Publish complete.
[2025-10-25 19:33:45] Change detected. Publishing…
[2025-10-25 19:33:46] Publish complete.
[2025-10-25 20:38:10] Change detected. Publishing…
[2025-10-25 20:38:10] Publish complete.
[2025-10-25 21:38:10] Change detected. Publishing…
[2025-10-25 21:38:11] Publish complete.
[2025-10-25 22:38:11] Change detected. Publishing…
[2025-10-25 22:38:11] Publish complete.
[2025-10-25 23:45:42] Change detected. Publishing…
[2025-10-25 23:45:42] Publish complete.
[2025-10-26 00:45:42] Change detected. Publishing…
[2025-10-26 00:45:43] Publish complete.
[2025-10-26 01:45:43] Change detected. Publishing…
[2025-10-26 01:45:43] Publish complete.
[2025-10-26 02:45:44] Change detected. Publishing…
[2025-10-26 02:45:44] Publish complete.
[2025-10-26 03:45:44] Change detected. Publishing…
[2025-10-26 03:45:44] Publish complete.
[2025-10-26 04:45:44] Change detected. Publishing…
[2025-10-26 04:45:44] Publish complete.
[2025-10-26 05:45:44] Change detected. Publishing…
[2025-10-26 05:45:44] Publish complete.
[2025-10-26 06:45:44] Change detected. Publishing…
[2025-10-26 06:45:45] Publish complete.
[2025-10-26 07:52:29] Change detected. Publishing…
[2025-10-26 07:52:30] Publish complete.
[2025-10-26 08:52:30] Change detected. Publishing…
[2025-10-26 08:52:30] Publish complete.
[2025-10-26 09:58:30] Change detected. Publishing…
[2025-10-26 09:58:30] Publish complete.
[2025-10-26 11:02:57] Change detected. Publishing…
[2025-10-26 11:02:58] Publish complete.
[2025-10-26 12:04:21] Change detected. Publishing…
[2025-10-26 12:04:21] Publish complete.
[2025-10-26 13:08:45] Change detected. Publishing…
[2025-10-26 13:08:45] Publish complete.
[2025-10-26 14:08:45] Change detected. Publishing…
[2025-10-26 14:08:45] Publish complete.
[2025-10-26 15:08:45] Change detected. Publishing…
[2025-10-26 15:08:45] Publish complete.
[2025-10-26 16:08:45] Change detected. Publishing…
[2025-10-26 16:08:45] Publish complete.
[2025-10-26 17:08:46] Change detected. Publishing…
[2025-10-26 17:08:46] Publish complete.
[2025-10-26 18:17:29] Change detected. Publishing…
[2025-10-26 18:17:29] Publish complete.
