Injected guard into: C:\Users\abram\OneDrive\DOCUMENTS\GitHub\sm2arta-help\CreatingProjects.html
Injected guard into: C:\Users\abram\OneDrive\DOCUMENTS\GitHub\sm2arta-help\Directory.html
Injected guard into: C:\Users\abram\OneDrive\DOCUMENTS\GitHub\sm2arta-help\Introduction.html
Injected guard into: C:\Users\abram\OneDrive\DOCUMENTS\GitHub\sm2arta-help\Newtopic.html
Injected guard into: C:\Users\abram\OneDrive\DOCUMENTS\GitHub\sm2arta-help\Newtopic1.html
Injected guard into: C:\Users\abram\OneDrive\DOCUMENTS\GitHub\sm2arta-help\Projects1.html
Injected guard into: C:\Users\abram\OneDrive\DOCUMENTS\GitHub\sm2arta-help\SettingUpSM2ARTA.html
Injected guard into: C:\Users\abram\OneDrive\DOCUMENTS\GitHub\sm2arta-help\SM2ARTA Admin Guide.html
Injected guard into: C:\Users\abram\OneDrive\DOCUMENTS\GitHub\sm2arta-help\Welcome.html
Injected guard into: C:\Users\abram\OneDrive\DOCUMENTS\GitHub\sm2arta-help\Whatsnew.html
Injected guard into: C:\Users\abram\OneDrive\DOCUMENTS\GitHub\sm2arta-help\context\0.html
Injected guard into: C:\Users\abram\OneDrive\DOCUMENTS\GitHub\sm2arta-help\context\1.html
Injected guard into: C:\Users\abram\OneDrive\DOCUMENTS\GitHub\sm2arta-help\context\2.html
Injected guard into: C:\Users\abram\OneDrive\DOCUMENTS\GitHub\sm2arta-help\context\3.html
Injected guard into: C:\Users\abram\OneDrive\DOCUMENTS\GitHub\sm2arta-help\context\4.html
Injected guard into: C:\Users\abram\OneDrive\DOCUMENTS\GitHub\sm2arta-help\context\5.html
Injected guard into: C:\Users\abram\OneDrive\DOCUMENTS\GitHub\sm2arta-help\context\6.html
Injected guard into: C:\Users\abram\OneDrive\DOCUMENTS\GitHub\sm2arta-help\context\7.html
Injected guard into: C:\Users\abram\OneDrive\DOCUMENTS\GitHub\sm2arta-help\context\8.html
Injected into 19 file(s).
